<?xml version="1.0" encoding="UTF-8"?>
<!-- Generated by org.testng.reporters.JUnitReportReporter -->
<testsuite hostname="MANGESH" failures="0" tests="1" name="testpackage.Loginpagetest" time="4.860" errors="0" timestamp="2021-12-16T11:25:57 IST" skipped="0">
  <testcase classname="testpackage.Loginpagetest" name="logintestfunctionaility" time="4.860"/>
  <system-out/>
</testsuite> <!-- testpackage.Loginpagetest -->
