<?xml version="1.0" encoding="UTF-8"?>
<!-- Generated by org.testng.reporters.JUnitReportReporter -->
<testsuite hostname="MANGESH" failures="0" tests="4" name="testpackage.Homepagetest" time="29.017" errors="0" timestamp="2021-12-16T13:10:34 IST" skipped="0">
  <testcase classname="testpackage.Homepagetest" name="verifylogo" time="6.911"/>
  <system-out/>
  <testcase classname="testpackage.Homepagetest" name="verifytitle" time="6.792"/>
  <system-out/>
  <testcase classname="testpackage.Homepagetest" name="verifyusername" time="8.258"/>
  <system-out/>
  <testcase classname="testpackage.Homepagetest" name="verifycontatcslinktab" time="7.056"/>
  <system-out/>
</testsuite> <!-- testpackage.Homepagetest -->
