<?xml version="1.0" encoding="UTF-8"?>
<!-- Generated by org.testng.reporters.JUnitReportReporter -->
<testsuite hostname="MANGESH" failures="0" tests="1" name="testpackage.Contactspagetest" time="46.410" errors="0" timestamp="2021-12-20T14:23:02 IST" skipped="0">
  <testcase classname="testpackage.Contactspagetest" name="validatecreatecontact" time="46.410"/>
  <system-out/>
</testsuite> <!-- testpackage.Contactspagetest -->
